<?xml version="1.0" encoding="UTF-8" ?>
<testsuites disabled="0" errors="0" failures="0" tests="6" time="0.005">
 <testsuite name="ReservationHelper" timestamp="2024-06-24T21:28:57" hostname="localhost" time="0.005" errors="0" tests="6" skipped="0" disabled="0" failures="0">
  <testcase classname="ReservationHelper" name="should throw an error if check-out date is before check-in date" time="0.001" />
  <testcase classname="ReservationHelper" name="should check date availability correctly" time="0" />
  <testcase classname="ReservationHelper" name="should return reservation details by ID" time="0.001" />
  <testcase classname="ReservationHelper" name="should return null for non-existent reservation ID" time="0.001" />
  <testcase classname="ReservationHelper" name="should register a reservation successfully with valid data" time="0" />
  <testcase classname="ReservationHelper" name="should throw an error if any data is missing" time="0.001" />
 </testsuite>
</testsuites>