<?xml version="1.0" encoding="UTF-8" ?>
<testsuites disabled="0" errors="0" failures="0" tests="1" time="0.002">
 <testsuite name="ReportHelper" timestamp="2024-06-17T21:16:16" hostname="localhost" time="0.002" errors="0" tests="1" skipped="0" disabled="0" failures="0">
  <testcase classname="ReportHelper" name="should generate a report for the specified period" time="0.001" />
 </testsuite>
</testsuites>