<?xml version="1.0" encoding="UTF-8" ?>
<testsuites disabled="0" errors="0" failures="0" tests="5" time="0.008">
 <testsuite name="CustomerService" timestamp="2024-06-18T23:15:52" hostname="localhost" time="0.008" errors="0" tests="5" skipped="0" disabled="0" failures="0">
  <testcase classname="CustomerService" name="should not register a customer with an email that is already registered" time="0.004" />
  <testcase classname="CustomerService" name="should validate email correctly" time="0.001" />
  <testcase classname="CustomerService" name="should check if email is already registered" time="0.001" />
  <testcase classname="CustomerService" name="should register a customer with valid name and email" time="0.001" />
  <testcase classname="CustomerService" name="should not register a customer with invalid email" time="0" />
 </testsuite>
</testsuites>