<?xml version="1.0" encoding="UTF-8" ?>
<testsuites disabled="0" errors="0" failures="0" tests="3" time="0.006">
 <testsuite name="Room State Viewer" timestamp="2024-06-18T23:15:52" hostname="localhost" time="0.006" errors="0" tests="3" skipped="0" disabled="0" failures="0">
  <testcase classname="Room State Viewer" name="should return the correct status for a given room number" time="0.004" />
  <testcase classname="Room State Viewer" name="should update the status of a given room number" time="0.001" />
  <testcase classname="Room State Viewer" name="should return the status of all rooms" time="0.001" />
 </testsuite>
</testsuites>