<?xml version="1.0" encoding="UTF-8" ?>
<testsuites disabled="0" errors="0" failures="0" tests="3" time="0.004">
 <testsuite name="Room State Viewer" timestamp="2024-06-17T21:16:16" hostname="localhost" time="0.004" errors="0" tests="3" skipped="0" disabled="0" failures="0">
  <testcase classname="Room State Viewer" name="should return the correct status for a given room number" time="0.002" />
  <testcase classname="Room State Viewer" name="should update the status of a given room number" time="0.001" />
  <testcase classname="Room State Viewer" name="should return the status of all rooms" time="0.001" />
 </testsuite>
</testsuites>