<?xml version="1.0" encoding="UTF-8" ?>
<testsuites disabled="0" errors="0" failures="0" tests="2" time="0.002">
 <testsuite name="ReservationService" timestamp="2024-06-17T21:16:16" hostname="localhost" time="0.002" errors="0" tests="2" skipped="0" disabled="0" failures="0">
  <testcase classname="ReservationService" name="should register a reservation successfully when room is available" time="0.001" />
  <testcase classname="ReservationService" name="should not register a reservation when room is not available" time="0.001" />
 </testsuite>
</testsuites>